<?xml version="1.0" encoding="UTF-8"?>
<!-- Generated by org.testng.reporters.JUnitXMLReporter -->
<testsuite ignored="2" hostname="LAPTOP-552L93K0" failures="0" tests="2" name="Test" time="741.366" errors="0" timestamp="2021-08-17T16:55:51 IST">
  <testcase classname="com.qa.TestCases.E2E_Sanity_Flow_TC" name="TC_ActivityLog" time="741.336"/>
  <testcase classname="com.qa.TestCases.E2E_Sanity_Flow_Signals_TC" name="TC_ActivityLog" time="0.006"/>
  <testcase classname="com.qa.MainFunctions.DriverCalling" name="@AfterSuite SendMail" time="0.0">
    <ignored/>
  </testcase> <!-- @AfterSuite SendMail -->
  <testcase classname="com.qa.MainFunctions.DriverCalling" name="@BeforeSuite SetExtentReportAndLogger" time="0.0">
    <ignored/>
  </testcase> <!-- @BeforeSuite SetExtentReportAndLogger -->
</testsuite> <!-- Test -->
